Copyright 1986-2019 Xilinx, Inc. All Rights Reserved.
-------------------------------------------------------------------------------------
| Tool Version : Vivado v.2019.2 (win64) Build 2708876 Wed Nov  6 21:40:23 MST 2019
| Date         : Mon Jul 27 12:27:29 2020
| Host         : C12 running 64-bit major release  (build 9200)
| Command      : report_control_sets -verbose -file rti_core_control_sets_placed.rpt
| Design       : rti_core
| Device       : xc7s50
-------------------------------------------------------------------------------------

Control Set Information

Table of Contents
-----------------
1. Summary
2. Histogram
3. Flip-Flop Distribution
4. Detailed Control Set Information

1. Summary
----------

+----------------------------------------------------------+-------+
|                          Status                          | Count |
+----------------------------------------------------------+-------+
| Total control sets                                       |     5 |
|    Minimum number of control sets                        |     5 |
|    Addition due to synthesis replication                 |     0 |
|    Addition due to physical synthesis replication        |     0 |
| Unused register locations in slices containing registers |    14 |
+----------------------------------------------------------+-------+
* Control sets can be merged at opt_design using control_set_merge or merge_equivalent_drivers
** Run report_qor_suggestions for automated merging and remapping suggestions


2. Histogram
------------

+--------------------+-------+
|       Fanout       | Count |
+--------------------+-------+
| Total control sets |     5 |
| >= 0 to < 4        |     1 |
| >= 4 to < 6        |     0 |
| >= 6 to < 8        |     1 |
| >= 8 to < 10       |     2 |
| >= 10 to < 12      |     1 |
| >= 12 to < 14      |     0 |
| >= 14 to < 16      |     0 |
| >= 16              |     0 |
+--------------------+-------+
* Control sets can be remapped at either synth_design or opt_design


3. Flip-Flop Distribution
-------------------------

+--------------+-----------------------+------------------------+-----------------+--------------+
| Clock Enable | Synchronous Set/Reset | Asynchronous Set/Reset | Total Registers | Total Slices |
+--------------+-----------------------+------------------------+-----------------+--------------+
| No           | No                    | No                     |               2 |            1 |
| No           | No                    | Yes                    |               0 |            0 |
| No           | Yes                   | No                     |              16 |            3 |
| Yes          | No                    | No                     |               0 |            0 |
| Yes          | No                    | Yes                    |               0 |            0 |
| Yes          | Yes                   | No                     |              16 |            6 |
+--------------+-----------------------+------------------------+-----------------+--------------+


4. Detailed Control Set Information
-----------------------------------

+------------------+-----------------------------------------------+---------------------------------+------------------+----------------+
|   Clock Signal   |                 Enable Signal                 |         Set/Reset Signal        | Slice Load Count | Bel Load Count |
+------------------+-----------------------------------------------+---------------------------------+------------------+----------------+
|  clkx8_IBUF_BUFG |                                               |                                 |                1 |              2 |
|  clk_IBUF_BUFG   |                                               | fifo_dulaclk_0/rd_counter/SR[0] |                1 |              6 |
|  clk_IBUF_BUFG   | fifo_dulaclk_0/wr_counter/E[0]                | fifo_dulaclk_0/rd_counter/SR[0] |                3 |              8 |
|  clkx8_IBUF_BUFG | fifo_dulaclk_0/wr_counter/gray_out[0]_i_1_n_0 | wrst_buffer2                    |                3 |              8 |
|  clkx8_IBUF_BUFG |                                               | wrst_buffer2                    |                2 |             10 |
+------------------+-----------------------------------------------+---------------------------------+------------------+----------------+


